<?xml version="1.0" encoding="UTF-8"?>
<testsuite xmlns:xsi="http://www.w3.org/2001/XMLSchema-instance" xsi:noNamespaceSchemaLocation="https://maven.apache.org/surefire/maven-surefire-plugin/xsd/surefire-test-report-3.0.xsd" version="3.0" name="TestSuite" time="46.691" tests="8" errors="0" skipped="0" failures="0">
  <properties>
    <property name="java.specification.version" value="14"/>
    <property name="sun.jnu.encoding" value="UTF-8"/>
    <property name="java.class.path" value="/Users/effulgent/eclipse-workspace/Wordpress/target/test-classes:/Users/effulgent/eclipse-workspace/Wordpress/target/classes:/Users/effulgent/.m2/repository/io/cucumber/cucumber-junit/4.3.0/cucumber-junit-4.3.0.jar:/Users/effulgent/.m2/repository/io/cucumber/cucumber-core/4.3.0/cucumber-core-4.3.0.jar:/Users/effulgent/.m2/repository/io/cucumber/cucumber-html/0.2.7/cucumber-html-0.2.7.jar:/Users/effulgent/.m2/repository/io/cucumber/gherkin/5.1.0/gherkin-5.1.0.jar:/Users/effulgent/.m2/repository/io/cucumber/tag-expressions/1.1.1/tag-expressions-1.1.1.jar:/Users/effulgent/.m2/repository/io/cucumber/cucumber-expressions/6.2.2/cucumber-expressions-6.2.2.jar:/Users/effulgent/.m2/repository/io/cucumber/datatable/1.1.12/datatable-1.1.12.jar:/Users/effulgent/.m2/repository/io/cucumber/datatable-dependencies/1.1.12/datatable-dependencies-1.1.12.jar:/Users/effulgent/.m2/repository/junit/junit/4.12/junit-4.12.jar:/Users/effulgent/.m2/repository/org/hamcrest/hamcrest-core/1.3/hamcrest-core-1.3.jar:/Users/effulgent/.m2/repository/org/seleniumhq/selenium/selenium-java/3.141.59/selenium-java-3.141.59.jar:/Users/effulgent/.m2/repository/org/seleniumhq/selenium/selenium-api/3.141.59/selenium-api-3.141.59.jar:/Users/effulgent/.m2/repository/org/seleniumhq/selenium/selenium-chrome-driver/3.141.59/selenium-chrome-driver-3.141.59.jar:/Users/effulgent/.m2/repository/org/seleniumhq/selenium/selenium-edge-driver/3.141.59/selenium-edge-driver-3.141.59.jar:/Users/effulgent/.m2/repository/org/seleniumhq/selenium/selenium-firefox-driver/3.141.59/selenium-firefox-driver-3.141.59.jar:/Users/effulgent/.m2/repository/org/seleniumhq/selenium/selenium-ie-driver/3.141.59/selenium-ie-driver-3.141.59.jar:/Users/effulgent/.m2/repository/org/seleniumhq/selenium/selenium-opera-driver/3.141.59/selenium-opera-driver-3.141.59.jar:/Users/effulgent/.m2/repository/org/seleniumhq/selenium/selenium-remote-driver/3.141.59/selenium-remote-driver-3.141.59.jar:/Users/effulgent/.m2/repository/org/seleniumhq/selenium/selenium-safari-driver/3.141.59/selenium-safari-driver-3.141.59.jar:/Users/effulgent/.m2/repository/org/seleniumhq/selenium/selenium-support/3.141.59/selenium-support-3.141.59.jar:/Users/effulgent/.m2/repository/net/bytebuddy/byte-buddy/1.8.15/byte-buddy-1.8.15.jar:/Users/effulgent/.m2/repository/org/apache/commons/commons-exec/1.3/commons-exec-1.3.jar:/Users/effulgent/.m2/repository/com/google/guava/guava/25.0-jre/guava-25.0-jre.jar:/Users/effulgent/.m2/repository/com/google/code/findbugs/jsr305/1.3.9/jsr305-1.3.9.jar:/Users/effulgent/.m2/repository/org/checkerframework/checker-compat-qual/2.0.0/checker-compat-qual-2.0.0.jar:/Users/effulgent/.m2/repository/com/google/errorprone/error_prone_annotations/2.1.3/error_prone_annotations-2.1.3.jar:/Users/effulgent/.m2/repository/com/google/j2objc/j2objc-annotations/1.1/j2objc-annotations-1.1.jar:/Users/effulgent/.m2/repository/org/codehaus/mojo/animal-sniffer-annotations/1.14/animal-sniffer-annotations-1.14.jar:/Users/effulgent/.m2/repository/com/squareup/okhttp3/okhttp/3.11.0/okhttp-3.11.0.jar:/Users/effulgent/.m2/repository/com/squareup/okio/okio/1.14.0/okio-1.14.0.jar:/Users/effulgent/.m2/repository/org/testng/testng/6.14.3/testng-6.14.3.jar:/Users/effulgent/.m2/repository/com/beust/jcommander/1.72/jcommander-1.72.jar:/Users/effulgent/.m2/repository/org/apache-extras/beanshell/bsh/2.0b6/bsh-2.0b6.jar:/Users/effulgent/.m2/repository/commons-io/commons-io/2.6/commons-io-2.6.jar:/Users/effulgent/.m2/repository/org/apache/poi/poi-ooxml/4.1.0/poi-ooxml-4.1.0.jar:/Users/effulgent/.m2/repository/org/apache/poi/poi/4.1.0/poi-4.1.0.jar:/Users/effulgent/.m2/repository/commons-codec/commons-codec/1.12/commons-codec-1.12.jar:/Users/effulgent/.m2/repository/org/apache/commons/commons-collections4/4.3/commons-collections4-4.3.jar:/Users/effulgent/.m2/repository/org/apache/commons/commons-math3/3.6.1/commons-math3-3.6.1.jar:/Users/effulgent/.m2/repository/org/apache/poi/poi-ooxml-schemas/4.1.0/poi-ooxml-schemas-4.1.0.jar:/Users/effulgent/.m2/repository/org/apache/xmlbeans/xmlbeans/3.1.0/xmlbeans-3.1.0.jar:/Users/effulgent/.m2/repository/org/apache/commons/commons-compress/1.18/commons-compress-1.18.jar:/Users/effulgent/.m2/repository/com/github/virtuald/curvesapi/1.06/curvesapi-1.06.jar:"/>
    <property name="java.vm.vendor" value="Oracle Corporation"/>
    <property name="sun.arch.data.model" value="64"/>
    <property name="java.vendor.url" value="https://java.oracle.com/"/>
    <property name="os.name" value="Mac OS X"/>
    <property name="java.vm.specification.version" value="14"/>
    <property name="sun.java.launcher" value="SUN_STANDARD"/>
    <property name="user.country" value="US"/>
    <property name="sun.boot.library.path" value="/Library/Java/JavaVirtualMachines/jdk-14.jdk/Contents/Home/lib"/>
    <property name="sun.java.command" value="/Users/effulgent/eclipse-workspace/Wordpress/target/surefire/surefirebooter12262169899935557230.jar /Users/effulgent/eclipse-workspace/Wordpress/target/surefire 2021-06-03T10-43-18_673-jvmRun1 surefire6743229068375448782tmp surefire_015884145734784044106tmp"/>
    <property name="http.nonProxyHosts" value="local|*.local|169.254/16|*.169.254/16"/>
    <property name="jdk.debug" value="release"/>
    <property name="surefire.test.class.path" value="/Users/effulgent/eclipse-workspace/Wordpress/target/test-classes:/Users/effulgent/eclipse-workspace/Wordpress/target/classes:/Users/effulgent/.m2/repository/io/cucumber/cucumber-junit/4.3.0/cucumber-junit-4.3.0.jar:/Users/effulgent/.m2/repository/io/cucumber/cucumber-core/4.3.0/cucumber-core-4.3.0.jar:/Users/effulgent/.m2/repository/io/cucumber/cucumber-html/0.2.7/cucumber-html-0.2.7.jar:/Users/effulgent/.m2/repository/io/cucumber/gherkin/5.1.0/gherkin-5.1.0.jar:/Users/effulgent/.m2/repository/io/cucumber/tag-expressions/1.1.1/tag-expressions-1.1.1.jar:/Users/effulgent/.m2/repository/io/cucumber/cucumber-expressions/6.2.2/cucumber-expressions-6.2.2.jar:/Users/effulgent/.m2/repository/io/cucumber/datatable/1.1.12/datatable-1.1.12.jar:/Users/effulgent/.m2/repository/io/cucumber/datatable-dependencies/1.1.12/datatable-dependencies-1.1.12.jar:/Users/effulgent/.m2/repository/junit/junit/4.12/junit-4.12.jar:/Users/effulgent/.m2/repository/org/hamcrest/hamcrest-core/1.3/hamcrest-core-1.3.jar:/Users/effulgent/.m2/repository/org/seleniumhq/selenium/selenium-java/3.141.59/selenium-java-3.141.59.jar:/Users/effulgent/.m2/repository/org/seleniumhq/selenium/selenium-api/3.141.59/selenium-api-3.141.59.jar:/Users/effulgent/.m2/repository/org/seleniumhq/selenium/selenium-chrome-driver/3.141.59/selenium-chrome-driver-3.141.59.jar:/Users/effulgent/.m2/repository/org/seleniumhq/selenium/selenium-edge-driver/3.141.59/selenium-edge-driver-3.141.59.jar:/Users/effulgent/.m2/repository/org/seleniumhq/selenium/selenium-firefox-driver/3.141.59/selenium-firefox-driver-3.141.59.jar:/Users/effulgent/.m2/repository/org/seleniumhq/selenium/selenium-ie-driver/3.141.59/selenium-ie-driver-3.141.59.jar:/Users/effulgent/.m2/repository/org/seleniumhq/selenium/selenium-opera-driver/3.141.59/selenium-opera-driver-3.141.59.jar:/Users/effulgent/.m2/repository/org/seleniumhq/selenium/selenium-remote-driver/3.141.59/selenium-remote-driver-3.141.59.jar:/Users/effulgent/.m2/repository/org/seleniumhq/selenium/selenium-safari-driver/3.141.59/selenium-safari-driver-3.141.59.jar:/Users/effulgent/.m2/repository/org/seleniumhq/selenium/selenium-support/3.141.59/selenium-support-3.141.59.jar:/Users/effulgent/.m2/repository/net/bytebuddy/byte-buddy/1.8.15/byte-buddy-1.8.15.jar:/Users/effulgent/.m2/repository/org/apache/commons/commons-exec/1.3/commons-exec-1.3.jar:/Users/effulgent/.m2/repository/com/google/guava/guava/25.0-jre/guava-25.0-jre.jar:/Users/effulgent/.m2/repository/com/google/code/findbugs/jsr305/1.3.9/jsr305-1.3.9.jar:/Users/effulgent/.m2/repository/org/checkerframework/checker-compat-qual/2.0.0/checker-compat-qual-2.0.0.jar:/Users/effulgent/.m2/repository/com/google/errorprone/error_prone_annotations/2.1.3/error_prone_annotations-2.1.3.jar:/Users/effulgent/.m2/repository/com/google/j2objc/j2objc-annotations/1.1/j2objc-annotations-1.1.jar:/Users/effulgent/.m2/repository/org/codehaus/mojo/animal-sniffer-annotations/1.14/animal-sniffer-annotations-1.14.jar:/Users/effulgent/.m2/repository/com/squareup/okhttp3/okhttp/3.11.0/okhttp-3.11.0.jar:/Users/effulgent/.m2/repository/com/squareup/okio/okio/1.14.0/okio-1.14.0.jar:/Users/effulgent/.m2/repository/org/testng/testng/6.14.3/testng-6.14.3.jar:/Users/effulgent/.m2/repository/com/beust/jcommander/1.72/jcommander-1.72.jar:/Users/effulgent/.m2/repository/org/apache-extras/beanshell/bsh/2.0b6/bsh-2.0b6.jar:/Users/effulgent/.m2/repository/commons-io/commons-io/2.6/commons-io-2.6.jar:/Users/effulgent/.m2/repository/org/apache/poi/poi-ooxml/4.1.0/poi-ooxml-4.1.0.jar:/Users/effulgent/.m2/repository/org/apache/poi/poi/4.1.0/poi-4.1.0.jar:/Users/effulgent/.m2/repository/commons-codec/commons-codec/1.12/commons-codec-1.12.jar:/Users/effulgent/.m2/repository/org/apache/commons/commons-collections4/4.3/commons-collections4-4.3.jar:/Users/effulgent/.m2/repository/org/apache/commons/commons-math3/3.6.1/commons-math3-3.6.1.jar:/Users/effulgent/.m2/repository/org/apache/poi/poi-ooxml-schemas/4.1.0/poi-ooxml-schemas-4.1.0.jar:/Users/effulgent/.m2/repository/org/apache/xmlbeans/xmlbeans/3.1.0/xmlbeans-3.1.0.jar:/Users/effulgent/.m2/repository/org/apache/commons/commons-compress/1.18/commons-compress-1.18.jar:/Users/effulgent/.m2/repository/com/github/virtuald/curvesapi/1.06/curvesapi-1.06.jar:"/>
    <property name="sun.cpu.endian" value="little"/>
    <property name="user.home" value="/Users/effulgent"/>
    <property name="user.language" value="en"/>
    <property name="java.specification.vendor" value="Oracle Corporation"/>
    <property name="java.version.date" value="2020-03-17"/>
    <property name="java.home" value="/Library/Java/JavaVirtualMachines/jdk-14.jdk/Contents/Home"/>
    <property name="file.separator" value="/"/>
    <property name="basedir" value="/Users/effulgent/eclipse-workspace/Wordpress"/>
    <property name="java.vm.compressedOopsMode" value="Zero based"/>
    <property name="line.separator" value="&#10;"/>
    <property name="java.specification.name" value="Java Platform API Specification"/>
    <property name="java.vm.specification.vendor" value="Oracle Corporation"/>
    <property name="surefire.real.class.path" value="/Users/effulgent/eclipse-workspace/Wordpress/target/surefire/surefirebooter12262169899935557230.jar"/>
    <property name="sun.management.compiler" value="HotSpot 64-Bit Tiered Compilers"/>
    <property name="ftp.nonProxyHosts" value="local|*.local|169.254/16|*.169.254/16"/>
    <property name="java.runtime.version" value="14+36-1461"/>
    <property name="user.name" value="effulgent"/>
    <property name="path.separator" value=":"/>
    <property name="os.version" value="10.16"/>
    <property name="java.runtime.name" value="Java(TM) SE Runtime Environment"/>
    <property name="file.encoding" value="UTF-8"/>
    <property name="java.vm.name" value="Java HotSpot(TM) 64-Bit Server VM"/>
    <property name="localRepository" value="/Users/effulgent/.m2/repository"/>
    <property name="java.vendor.url.bug" value="https://bugreport.java.com/bugreport/"/>
    <property name="java.io.tmpdir" value="/var/folders/57/c3l_psm97_52zz4cvw511mkr0000gn/T/"/>
    <property name="java.version" value="14"/>
    <property name="user.dir" value="/Users/effulgent/eclipse-workspace/Wordpress"/>
    <property name="os.arch" value="x86_64"/>
    <property name="java.vm.specification.name" value="Java Virtual Machine Specification"/>
    <property name="java.library.path" value="/Users/effulgent/Library/Java/Extensions:/Library/Java/Extensions:/Network/Library/Java/Extensions:/System/Library/Java/Extensions:/usr/lib/java:."/>
    <property name="java.vm.info" value="mixed mode, sharing"/>
    <property name="java.vendor" value="Oracle Corporation"/>
    <property name="java.vm.version" value="14+36-1461"/>
    <property name="sun.io.unicode.encoding" value="UnicodeBig"/>
    <property name="socksNonProxyHosts" value="local|*.local|169.254/16|*.169.254/16"/>
    <property name="java.class.version" value="58.0"/>
  </properties>
  <testcase name="_01_loginWithInvalidCredentials" classname="com.Wordpress.test.LoginPageTest" time="2.671"/>
  <testcase name="_02_loginWithValidCredentials" classname="com.Wordpress.test.LoginPageTest" time="4.507"/>
  <testcase name="_01_addLinks" classname="com.Wordpress.test.ProfileLinkPageTest" time="3.761"/>
  <testcase name="_02_addExistingLink" classname="com.Wordpress.test.ProfileLinkPageTest" time="0.488"/>
  <testcase name="_03_deleteAddedLink" classname="com.Wordpress.test.ProfileLinkPageTest" time="0.069"/>
  <testcase name="_01_ModifyFirstLastName" classname="com.Wordpress.test.ProfilePageTest" time="6.646"/>
  <testcase name="_02_ValidateSavedChanges" classname="com.Wordpress.test.ProfilePageTest" time="3.027"/>
  <testcase name="_03_ResetToOriginalValues" classname="com.Wordpress.test.ProfilePageTest" time="3.496"/>
</testsuite>