<?xml version="1.0" encoding="UTF-8"?>
<!-- Generated by org.testng.reporters.JUnitReportReporter -->
<testsuite hostname="Yulias-MacBook-Pro.local" failures="0" tests="3" name="com.Wordpress.test.ProfileLinkPageTest" time="4.407" errors="0" timestamp="04 Jun 2021 00:33:38 GMT" skipped="0">
  <testcase classname="com.Wordpress.test.ProfileLinkPageTest" name="_02_addExistingLink" time="0.507"/>
  <testcase classname="com.Wordpress.test.ProfileLinkPageTest" name="_01_addLinks" time="3.821"/>
  <testcase classname="com.Wordpress.test.ProfileLinkPageTest" name="_03_deleteAddedLink" time="0.079"/>
</testsuite> <!-- com.Wordpress.test.ProfileLinkPageTest -->
