<?xml version="1.0" encoding="UTF-8"?>
<!-- Generated by org.testng.reporters.JUnitReportReporter -->
<testsuite hostname="Yulias-MacBook-Pro.local" failures="0" tests="3" name="com.Wordpress.test.ProfilePageTest" time="10.229" errors="0" timestamp="04 Jun 2021 00:41:32 GMT" skipped="0">
  <testcase classname="com.Wordpress.test.ProfilePageTest" name="_01_ModifyFirstLastName" time="6.719"/>
  <testcase classname="com.Wordpress.test.ProfilePageTest" name="_02_ValidateSavedChanges" time="0.060"/>
  <testcase classname="com.Wordpress.test.ProfilePageTest" name="_03_ResetToOriginalValues" time="3.450"/>
</testsuite> <!-- com.Wordpress.test.ProfilePageTest -->
