<?xml version="1.0" encoding="UTF-8"?>
<!-- Generated by org.testng.reporters.JUnitReportReporter -->
<testsuite hostname="Yulias-MacBook-Pro.local" failures="0" tests="2" name="com.Wordpress.step.LoginPageSteps" time="12.306" errors="0" timestamp="02 Jun 2021 02:08:04 GMT" skipped="1">
  <testcase classname="com.Wordpress.step.LoginPageSteps" name="i_enter_valid_username_and_password" time="12.306"/>
  <testcase classname="com.Wordpress.step.LoginPageSteps" name="i_enter_NOT_valid_username_and_VALID_password">
    <skipped/>
  </testcase> <!-- i_enter_NOT_valid_username_and_VALID_password -->
</testsuite> <!-- com.Wordpress.step.LoginPageSteps -->
