<?xml version="1.0" encoding="UTF-8"?>
<!-- Generated by org.testng.reporters.JUnitReportReporter -->
<testsuite hostname="Yulias-MacBook-Pro.local" failures="0" tests="2" name="com.Wordpress.test.LoginPageTest" time="14.558" errors="0" timestamp="03 Jun 2021 14:44:05 GMT" skipped="0">
  <testcase classname="com.Wordpress.test.LoginPageTest" name="_02_loginWithValidCredentials" time="7.072"/>
  <testcase classname="com.Wordpress.test.LoginPageTest" name="_01_loginWithInvalidCredentials" time="7.486"/>
</testsuite> <!-- com.Wordpress.test.LoginPageTest -->
