<?xml version="1.0" encoding="UTF-8"?>
<!-- Generated by org.testng.reporters.JUnitReportReporter -->
<testsuite hostname="Yulias-MacBook-Pro.local" failures="0" tests="3" name="com.Wordpress.test.ProfileLinkPageTest" time="4.319" errors="0" timestamp="03 Jun 2021 14:44:05 GMT" skipped="0">
  <testcase classname="com.Wordpress.test.ProfileLinkPageTest" name="_03_deleteAddedLink" time="0.070"/>
  <testcase classname="com.Wordpress.test.ProfileLinkPageTest" name="_01_addLinks" time="3.761"/>
  <testcase classname="com.Wordpress.test.ProfileLinkPageTest" name="_02_addExistingLink" time="0.488"/>
</testsuite> <!-- com.Wordpress.test.ProfileLinkPageTest -->
